<?xml version="1.0" encoding="UTF-8"?>
<testsuite name="TestSerializable" tests="6" skipped="0" failures="0" errors="0" timestamp="2022-10-16T17:20:46" hostname="DESKTOP-DM2UTUE" time="0.283">
  <properties/>
  <testcase name="ListObjectTest[0](lab2.SerializableXml@231f98ef, test, [lab2classes.Circle@7c137fd5, lab2classes.Circle@183ec003, lab2classes.Circle@7d9d0818])" classname="TestSerializable" time="0.216"/>
  <testcase name="ListObjectTest[1](lab2.SerializableTxt@68b6f0d6, test, [lab2classes.Point@4044fb95, lab2classes.Point@aa549e5, lab2classes.Point@36f48b4])" classname="TestSerializable" time="0.005"/>
  <testcase name="ListObjectTest[2](lab2.SerializableJSON@2a8d39c4, test, [lab2classes.Triangle@25b2cfcb, lab2classes.Triangle@72758afa, lab2classes.Triangle@fb9c7aa])" classname="TestSerializable" time="0.028"/>
  <testcase name="SingleObjectTest[0](lab2.SerializableTxt@a776e, test, lab2classes.Point@792bbc74)" classname="TestSerializable" time="0.003"/>
  <testcase name="SingleObjectTest[1](lab2.SerializableJSON@6821ea29, test, lab2classes.Circle@338494fa)" classname="TestSerializable" time="0.01"/>
  <testcase name="SingleObjectTest[2](lab2.SerializableXml@758c83d8, test, lab2classes.Rectangle@129b4fe2)" classname="TestSerializable" time="0.013"/>
  <system-out><![CDATA[]]></system-out>
  <system-err><![CDATA[]]></system-err>
</testsuite>
