<?xml version="1.0" encoding="UTF-8"?>
<testsuite name="lab1.TestDisk" tests="12" skipped="0" failures="0" errors="0" timestamp="2022-10-02T16:50:29" hostname="DESKTOP-DM2UTUE" time="0.02">
  <properties/>
  <testcase name="BuilderTest[0](lab1.Ssd$BuilderSsd@273444fe)" classname="lab1.TestDisk" time="0.002"/>
  <testcase name="BuilderTest[1](lab1.Ssd$BuilderSsd@7e057f43)" classname="lab1.TestDisk" time="0.0"/>
  <testcase name="BuilderTestException[0](lab1.Ssd$BuilderSsd@451001e5)" classname="lab1.TestDisk" time="0.0"/>
  <testcase name="BuilderTestException[1](lab1.Ssd$BuilderSsd@4d1c005e)" classname="lab1.TestDisk" time="0.0"/>
  <testcase name="equalTest[0](vendor: Hitachi&#10;vendor id: 1321&#10;disk id: 1414&#10;capacity: 1099511627776 bytes&#10;interface: SATA&#10;linearSpeedOfWrite: 104857600 bytes per second&#10;linearSpeedOfRead: 104857600 bytes per second&#10;randomSpeedOfWrite: 3145728 bytes per second&#10;randomSpeedOfRead: 3145728 bytes per second&#10;rotation speed: 7200 RPM&#10;form factor: 2.5&quot;, vendor: Hitachi&#10;vendor id: 1321&#10;disk id: 1414&#10;capacity: 1099511627776 bytes&#10;interface: SATA&#10;linearSpeedOfWrite: 104857600 bytes per second&#10;linearSpeedOfRead: 104857600 bytes per second&#10;randomSpeedOfWrite: 3145728 bytes per second&#10;randomSpeedOfRead: 3145728 bytes per second&#10;rotation speed: 7200 RPM&#10;form factor: 2.5&quot;, true)" classname="lab1.TestDisk" time="0.004"/>
  <testcase name="equalTest[1](vendor: Hitachi&#10;vendor id: 1321&#10;disk id: 1414&#10;capacity: 1099511627776 bytes&#10;interface: SATA&#10;linearSpeedOfWrite: 104857600 bytes per second&#10;linearSpeedOfRead: 104857600 bytes per second&#10;randomSpeedOfWrite: 3145728 bytes per second&#10;randomSpeedOfRead: 3145728 bytes per second&#10;rotation speed: 7200 RPM&#10;form factor: 2.5&quot;, vendor: Samsung&#10;vendor id: 1450&#10;disk id: 5600&#10;capacity: 1099511627776 bytes&#10;interface: IDE&#10;linearSpeedOfWrite: 104857600 bytes per second&#10;linearSpeedOfRead: 104857600 bytes per second&#10;randomSpeedOfWrite: 3145728 bytes per second&#10;randomSpeedOfRead: 3145728 bytes per second&#10;rotation speed: 7200 RPM&#10;form factor: 3.5&quot;, false)" classname="lab1.TestDisk" time="0.001"/>
  <testcase name="equalTest[2](vendor: Hitachi&#10;vendor id: 1321&#10;disk id: 1414&#10;capacity: 1099511627776 bytes&#10;interface: SATA&#10;linearSpeedOfWrite: 104857600 bytes per second&#10;linearSpeedOfRead: 104857600 bytes per second&#10;randomSpeedOfWrite: 3145728 bytes per second&#10;randomSpeedOfRead: 3145728 bytes per second&#10;rotation speed: 7200 RPM&#10;form factor: 2.5&quot;, vendor: Hitachi&#10;vendor id: 1321&#10;disk id: 1414&#10;capacity: 1099511627776 bytes&#10;interface: SATA&#10;linearSpeedOfWrite: 104857600 bytes per second&#10;linearSpeedOfRead: 104857600 bytes per second&#10;randomSpeedOfWrite: 3145728 bytes per second&#10;randomSpeedOfRead: 3145728 bytes per second&#10;rotation speed: 7200 RPM&#10;form factor: 2.5&quot;, true)" classname="lab1.TestDisk" time="0.0"/>
  <testcase name="equalTest[3](vendor: Samsung&#10;vendor id: 1101&#10;disk id: 3810&#10;capacity: 549755813888 bytes&#10;interface: PCI-express&#10;linearSpeedOfWrite: 1468006400 bytes per second&#10;linearSpeedOfRead: 1468006400 bytes per second&#10;randomSpeedOfWrite: 576716800 bytes per second&#10;randomSpeedOfRead: 576716800 bytes per second&#10;memory type: TLS&#10;form factor: M.2&quot;, vendor: Samsung&#10;vendor id: 1101&#10;disk id: 3810&#10;capacity: 549755813888 bytes&#10;interface: PCI-express&#10;linearSpeedOfWrite: 1468006400 bytes per second&#10;linearSpeedOfRead: 1468006400 bytes per second&#10;randomSpeedOfWrite: 576716800 bytes per second&#10;randomSpeedOfRead: 576716800 bytes per second&#10;memory type: TLS&#10;form factor: M.2&quot;, true)" classname="lab1.TestDisk" time="0.001"/>
  <testcase name="equalTest[4](vendor: Samsung&#10;vendor id: 1101&#10;disk id: 3810&#10;capacity: 549755813888 bytes&#10;interface: PCI-express&#10;linearSpeedOfWrite: 1468006400 bytes per second&#10;linearSpeedOfRead: 1468006400 bytes per second&#10;randomSpeedOfWrite: 576716800 bytes per second&#10;randomSpeedOfRead: 576716800 bytes per second&#10;memory type: TLS&#10;form factor: M.2&quot;, vendor: Kingston&#10;vendor id: 4556&#10;disk id: 1112&#10;capacity: 549755813888 bytes&#10;interface: SATA&#10;linearSpeedOfWrite: 734003200 bytes per second&#10;linearSpeedOfRead: 734003200 bytes per second&#10;randomSpeedOfWrite: 576716800 bytes per second&#10;randomSpeedOfRead: 576716800 bytes per second&#10;memory type: SLS&#10;form factor: M.2&quot;, false)" classname="lab1.TestDisk" time="0.0"/>
  <testcase name="equalTest[5](vendor: Samsung&#10;vendor id: 1101&#10;disk id: 3810&#10;capacity: 549755813888 bytes&#10;interface: PCI-express&#10;linearSpeedOfWrite: 1468006400 bytes per second&#10;linearSpeedOfRead: 1468006400 bytes per second&#10;randomSpeedOfWrite: 576716800 bytes per second&#10;randomSpeedOfRead: 576716800 bytes per second&#10;memory type: TLS&#10;form factor: M.2&quot;, vendor: Samsung&#10;vendor id: 1101&#10;disk id: 3810&#10;capacity: 549755813888 bytes&#10;interface: PCI-express&#10;linearSpeedOfWrite: 1468006400 bytes per second&#10;linearSpeedOfRead: 1468006400 bytes per second&#10;randomSpeedOfWrite: 576716800 bytes per second&#10;randomSpeedOfRead: 576716800 bytes per second&#10;memory type: TLS&#10;form factor: M.2&quot;, true)" classname="lab1.TestDisk" time="0.0"/>
  <testcase name="equalTest[6](vendor: Hitachi&#10;vendor id: 1321&#10;disk id: 1414&#10;capacity: 1099511627776 bytes&#10;interface: SATA&#10;linearSpeedOfWrite: 104857600 bytes per second&#10;linearSpeedOfRead: 104857600 bytes per second&#10;randomSpeedOfWrite: 3145728 bytes per second&#10;randomSpeedOfRead: 3145728 bytes per second&#10;rotation speed: 7200 RPM&#10;form factor: 2.5&quot;, vendor: Samsung&#10;vendor id: 1101&#10;disk id: 3810&#10;capacity: 549755813888 bytes&#10;interface: PCI-express&#10;linearSpeedOfWrite: 1468006400 bytes per second&#10;linearSpeedOfRead: 1468006400 bytes per second&#10;randomSpeedOfWrite: 576716800 bytes per second&#10;randomSpeedOfRead: 576716800 bytes per second&#10;memory type: TLS&#10;form factor: M.2&quot;, false)" classname="lab1.TestDisk" time="0.001"/>
  <testcase name="hashEqualTest[0](vendor: Samsung&#10;vendor id: 1101&#10;disk id: 3810&#10;capacity: 549755813888 bytes&#10;interface: PCI-express&#10;linearSpeedOfWrite: 1468006400 bytes per second&#10;linearSpeedOfRead: 1468006400 bytes per second&#10;randomSpeedOfWrite: 576716800 bytes per second&#10;randomSpeedOfRead: 576716800 bytes per second&#10;memory type: TLS&#10;form factor: M.2&quot;, vendor: Samsung&#10;vendor id: 1101&#10;disk id: 3810&#10;capacity: 549755813888 bytes&#10;interface: PCI-express&#10;linearSpeedOfWrite: 1468006400 bytes per second&#10;linearSpeedOfRead: 1468006400 bytes per second&#10;randomSpeedOfWrite: 576716800 bytes per second&#10;randomSpeedOfRead: 576716800 bytes per second&#10;memory type: TLS&#10;form factor: M.2&quot;)" classname="lab1.TestDisk" time="0.001"/>
  <system-out><![CDATA[]]></system-out>
  <system-err><![CDATA[]]></system-err>
</testsuite>
